{
  "RSpec": {
    "coverage": {
      "/home/sanjay/banking_app/app/helpers/accounts_helper.rb": [
        null,
        null,
        null,
        1,
        null
      ],
      "/home/sanjay/banking_app/app/helpers/application_helper.rb": [
        null,
        null,
        null,
        1,
        null
      ],
      "/home/sanjay/banking_app/app/helpers/atms_helper.rb": [
        null,
        null,
        null,
        1,
        null
      ],
      "/home/sanjay/banking_app/app/helpers/banks_helper.rb": [
        null,
        null,
        null,
        1,
        null
      ],
      "/home/sanjay/banking_app/app/helpers/branches_helper.rb": [
        null,
        null,
        null,
        1,
        null
      ],
      "/home/sanjay/banking_app/app/helpers/loans_helper.rb": [
        null,
        null,
        null,
        1,
        null
      ],
      "/home/sanjay/banking_app/app/helpers/managers_helper.rb": [
        null,
        null,
        null,
        1,
        null
      ],
      "/home/sanjay/banking_app/app/helpers/transactions_helper.rb": [
        null,
        null,
        null,
        1,
        null
      ],
      "/home/sanjay/banking_app/app/helpers/users_helper.rb": [
        null,
        null,
        null,
        1,
        null
      ],
      "/home/sanjay/banking_app/app/controllers/accounts_controller.rb": [
        null,
        null,
        null,
        1,
        1,
        null,
        1,
        1,
        1,
        null,
        null,
        1,
        2,
        2,
        1,
        null,
        1,
        null,
        null,
        null,
        1,
        2,
        1,
        null,
        1,
        null,
        null,
        1,
        2,
        1,
        1,
        null,
        1,
        null,
        null,
        1,
        1,
        1,
        null,
        null,
        1,
        2,
        1,
        null,
        1,
        null,
        null,
        1,
        3,
        2,
        1,
        null,
        1,
        null,
        null,
        1,
        null,
        null,
        1,
        null,
        1,
        4,
        null,
        null,
        null,
        null
      ],
      "/home/sanjay/banking_app/app/controllers/application_controller.rb": [
        null,
        null,
        null,
        1,
        null
      ],
      "/home/sanjay/banking_app/app/controllers/atms_controller.rb": [
        null,
        null,
        null,
        1,
        1,
        null,
        1,
        1,
        1,
        null,
        null,
        1,
        2,
        2,
        1,
        null,
        1,
        null,
        null,
        null,
        1,
        2,
        1,
        null,
        1,
        null,
        null,
        1,
        2,
        1,
        1,
        null,
        1,
        null,
        null,
        1,
        1,
        1,
        null,
        null,
        1,
        2,
        1,
        null,
        1,
        null,
        null,
        1,
        3,
        2,
        1,
        null,
        1,
        null,
        null,
        1,
        null,
        null,
        1,
        null,
        1,
        4,
        null,
        null
      ],
      "/home/sanjay/banking_app/app/controllers/banks_controller.rb": [
        null,
        null,
        null,
        1,
        1,
        null,
        1,
        1,
        1,
        null,
        null,
        1,
        2,
        2,
        1,
        null,
        1,
        null,
        null,
        null,
        1,
        2,
        1,
        null,
        1,
        null,
        null,
        1,
        2,
        1,
        1,
        null,
        1,
        null,
        null,
        1,
        1,
        1,
        null,
        null,
        1,
        2,
        1,
        null,
        1,
        null,
        null,
        1,
        3,
        2,
        1,
        null,
        1,
        null,
        null,
        1,
        null,
        null,
        1,
        null,
        1,
        4,
        null,
        null
      ],
      "/home/sanjay/banking_app/app/controllers/branches_controller.rb": [
        null,
        null,
        null,
        1,
        1,
        null,
        1,
        1,
        1,
        null,
        null,
        1,
        2,
        2,
        1,
        null,
        1,
        null,
        null,
        null,
        1,
        2,
        1,
        null,
        1,
        null,
        null,
        1,
        2,
        1,
        1,
        null,
        1,
        null,
        null,
        1,
        1,
        1,
        null,
        null,
        1,
        2,
        1,
        null,
        1,
        null,
        null,
        1,
        3,
        2,
        1,
        null,
        1,
        null,
        null,
        1,
        null,
        null,
        1,
        null,
        1,
        4,
        null,
        null,
        null,
        null
      ],
      "/home/sanjay/banking_app/app/controllers/loans_controller.rb": [
        null,
        null,
        null,
        1,
        1,
        null,
        1,
        1,
        1,
        null,
        null,
        1,
        2,
        2,
        1,
        null,
        1,
        null,
        null,
        null,
        1,
        2,
        1,
        null,
        1,
        null,
        null,
        1,
        2,
        1,
        1,
        null,
        1,
        null,
        null,
        1,
        1,
        1,
        null,
        null,
        1,
        2,
        1,
        null,
        1,
        null,
        null,
        1,
        3,
        2,
        1,
        null,
        1,
        null,
        null,
        1,
        null,
        null,
        1,
        null,
        1,
        4,
        null,
        null,
        null
      ],
      "/home/sanjay/banking_app/app/controllers/managers_controller.rb": [
        null,
        null,
        null,
        1,
        1,
        null,
        1,
        1,
        1,
        null,
        null,
        1,
        2,
        2,
        1,
        null,
        1,
        null,
        null,
        null,
        1,
        2,
        1,
        null,
        1,
        null,
        null,
        1,
        2,
        1,
        1,
        null,
        1,
        null,
        null,
        1,
        1,
        1,
        null,
        null,
        1,
        2,
        1,
        null,
        1,
        null,
        null,
        1,
        3,
        2,
        1,
        null,
        1,
        null,
        null,
        1,
        null,
        null,
        1,
        null,
        1,
        4,
        null,
        null
      ],
      "/home/sanjay/banking_app/app/controllers/transactions_controller.rb": [
        null,
        null,
        null,
        1,
        1,
        null,
        1,
        1,
        1,
        null,
        null,
        1,
        2,
        2,
        1,
        null,
        1,
        null,
        null,
        null,
        null,
        1,
        2,
        1,
        null,
        1,
        null,
        null,
        1,
        2,
        1,
        1,
        null,
        1,
        null,
        null,
        1,
        1,
        1,
        null,
        null,
        1,
        2,
        1,
        null,
        1,
        null,
        null,
        1,
        3,
        2,
        1,
        null,
        1,
        null,
        null,
        1,
        null,
        null,
        1,
        null,
        1,
        4,
        null,
        null,
        null
      ],
      "/home/sanjay/banking_app/app/controllers/users_controller.rb": [
        null,
        null,
        null,
        1,
        1,
        null,
        1,
        1,
        1,
        null,
        null,
        1,
        2,
        2,
        1,
        null,
        1,
        null,
        null,
        null,
        null,
        1,
        2,
        1,
        null,
        1,
        null,
        null,
        1,
        2,
        1,
        1,
        null,
        1,
        null,
        null,
        1,
        1,
        1,
        null,
        null,
        1,
        2,
        1,
        null,
        1,
        null,
        null,
        1,
        3,
        2,
        1,
        null,
        1,
        null,
        null,
        1,
        null,
        null,
        1,
        null,
        1,
        4,
        null,
        null,
        null
      ],
      "/home/sanjay/banking_app/app/models/account.rb": [
        null,
        null,
        null,
        1,
        1,
        1,
        1,
        1,
        null,
        null,
        1,
        1,
        null,
        1,
        1,
        7,
        73,
        null
      ],
      "/home/sanjay/banking_app/app/models/application_record.rb": [
        null,
        null,
        null,
        1,
        1,
        null
      ],
      "/home/sanjay/banking_app/app/models/atm.rb": [
        null,
        null,
        null,
        1,
        1,
        1,
        1,
        null
      ],
      "/home/sanjay/banking_app/app/models/bank.rb": [
        null,
        null,
        null,
        1,
        1,
        1,
        1,
        1,
        null,
        null,
        null
      ],
      "/home/sanjay/banking_app/app/models/branch.rb": [
        null,
        null,
        null,
        1,
        1,
        1,
        1,
        1,
        1,
        1,
        null,
        null,
        null
      ],
      "/home/sanjay/banking_app/app/models/loan.rb": [
        null,
        null,
        null,
        1,
        1,
        1,
        1,
        1,
        null,
        null,
        null
      ],
      "/home/sanjay/banking_app/app/models/manager.rb": [
        null,
        null,
        null,
        1,
        1,
        1,
        1,
        null,
        null,
        null
      ],
      "/home/sanjay/banking_app/app/models/transaction.rb": [
        null,
        null,
        null,
        1,
        1,
        1,
        1,
        1,
        1,
        1,
        1,
        1,
        1,
        null,
        1,
        null,
        1,
        31,
        null,
        null,
        1,
        1,
        31,
        null,
        null,
        1,
        20,
        1,
        20,
        null,
        null,
        1,
        20,
        19,
        20,
        null,
        null
      ],
      "/home/sanjay/banking_app/app/models/user.rb": [
        null,
        null,
        null,
        1,
        1,
        1,
        1,
        1,
        null,
        null,
        null,
        null,
        null,
        null,
        1,
        null,
        null,
        1,
        null,
        1,
        null,
        1,
        96,
        null,
        null
      ],
      "/home/sanjay/banking_app/app/jobs/application_job.rb": [
        null,
        null,
        0,
        0
      ],
      "/home/sanjay/banking_app/app/channels/application_cable/channel.rb": [
        null,
        null,
        0,
        0,
        0,
        0
      ],
      "/home/sanjay/banking_app/app/channels/application_cable/connection.rb": [
        null,
        null,
        0,
        0,
        0,
        0
      ],
      "/home/sanjay/banking_app/app/mailers/application_mailer.rb": [
        null,
        null,
        null,
        0,
        0,
        0,
        0
      ]
    },
    "timestamp": 1539978252
  }
}
